<class>
<ID,12>
<{>
<public>
<function>
<void>
<ID,12>
<(>
<)>
<{>
<var>
<int>
<ID,8>
<let>
<ID,8>
<=>
<;>
<var>
<ID,17>
<[>
<ID,8>
<]>
<ID,10>
<;>
<let>
<ID,10>
<=>
<{>
<FLOAT,3>
<,>
<FLOAT,1>
<,>
<FLOAT,2>
<,>
<}>
<;>
<var>
<float>
<[>
<ID,8>
<]>
<ID,1>
<;>
<let>
<ID,1>
<=>
<ID,19>
<.>
<ID,23>
<(>
<ID,10>
<,>
<ID,8>
<)>
<;>
<var>
<int>
<ID,11>
<;>
<for>
<(>
<ID,11>
<=>
<INT,1>
<;>
<ID,11>
<<=>
<ID,8>
<;>
<ID,11>
<++>
<)>
<{>
<ID,15>
<(>
<ID,1>
<[>
<ID,11>
<]>
<)>
<;>
<ID,4>
<(>
<STR,1>
<)>
<;>
<}>
<return>
<;>
<}>
<}>
<class>
<ID,19>
<{>
<public>
<function>
<float>
<[>
<]>
<ID,23>
<(>
<float>
<ID,16>
<[>
<]>
<,>
<int>
<ID,8>
<)>
<{>
<if>
<(>
<ID,8>
<>>
<INT,1>
<)>
<{>
<var>
<int>
<ID,2>
<;>
<var>
<int>
<ID,18>
<;>
<var>
<int>
<ID,9>
<;>
<let>
<ID,2>
<=>
<INT,1>
<;>
<let>
<ID,18>
<=>
<ID,8>
<;>
<let>
<ID,9>
<=>
<(>
<ID,2>
<+>
<ID,18>
<)>
<//>
<INT,2>
<;>
<var>
<float>
<[>
<ID,9>
<]>
<ID,3>
<;>
<var>
<float>
<[>
<ID,18>
<->
<ID,9>
<]>
<ID,13>
<;>
<var>
<int>
<ID,11>
<;>
<let>
<ID,11>
<=>
<INT,1>
<;>
<while>
<(>
<ID,11>
<<=>
<ID,9>
<)>
<{>
<let>
<ID,3>
<[>
<ID,11>
<]>
<=>
<ID,16>
<[>
<ID,11>
<]>
<;>
<let>
<ID,11>
<=>
<ID,11>
<+>
<INT,1>
<;>
<}>
<while>
<(>
<ID,11>
<<=>
<ID,18>
<)>
<{>
<let>
<ID,13>
<[>
<ID,11>
<->
<ID,9>
<]>
<=>
<ID,16>
<[>
<ID,11>
<]>
<;>
<let>
<ID,11>
<=>
<ID,11>
<+>
<INT,1>
<;>
<}>
<let>
<ID,3>
<=>
<this>
<.>
<ID,23>
<(>
<ID,3>
<,>
<ID,9>
<)>
<;>
<let>
<ID,13>
<=>
<this>
<.>
<ID,23>
<(>
<ID,13>
<,>
<ID,18>
<->
<ID,9>
<)>
<;>
<var>
<float>
<[>
<ID,8>
<]>
<ID,1>
<;>
<let>
<ID,1>
<=>
<this>
<.>
<ID,6>
<(>
<ID,3>
<,>
<ID,9>
<,>
<ID,13>
<,>
<ID,18>
<->
<ID,9>
<)>
<;>
<return>
<ID,1>
<;>
<}>
<elseif>
<(>
<ID,8>
<==>
<INT,1>
<)>
<{>
<return>
<ID,16>
<;>
<}>
<else>
<{>
<ID,4>
<(>
<STR,2>
<)>
<;>
<return>
<ID,16>
<;>
<}>
<}>
<public>
<function>
<float>
<[>
<]>
<ID,6>
<(>
<float>
<ID,3>
<[>
<]>
<,>
<int>
<ID,5>
<,>
<float>
<ID,13>
<[>
<]>
<,>
<int>
<ID,20>
<)>
<{>
<var>
<int>
<ID,11>
<;>
<var>
<int>
<ID,8>
<;>
<var>
<int>
<ID,7>
<;>
<var>
<int>
<ID,22>
<;>
<let>
<ID,8>
<=>
<ID,5>
<+>
<ID,20>
<;>
<var>
<float>
<[>
<ID,8>
<]>
<ID,14>
<;>
<let>
<ID,11>
<=>
<INT,1>
<;>
<let>
<ID,7>
<=>
<INT,1>
<;>
<let>
<ID,22>
<=>
<INT,1>
<;>
<var>
<float>
<ID,21>
<;>
<while>
<(>
<ID,11>
<<=>
<ID,8>
<&>
<ID,7>
<<=>
<ID,5>
<&>
<ID,22>
<<=>
<ID,20>
<)>
<{>
<if>
<(>
<ID,3>
<[>
<ID,7>
<]>
<<>
<ID,13>
<[>
<ID,22>
<]>
<)>
<{>
<let>
<ID,21>
<=>
<ID,3>
<[>
<ID,7>
<]>
<;>
<let>
<ID,7>
<=>
<ID,7>
<+>
<INT,1>
<;>
<}>
<else>
<{>
<let>
<ID,21>
<=>
<ID,13>
<[>
<ID,22>
<]>
<;>
<let>
<ID,22>
<=>
<ID,22>
<+>
<INT,1>
<;>
<}>
<let>
<ID,14>
<[>
<ID,11>
<]>
<=>
<ID,21>
<;>
<let>
<ID,11>
<=>
<ID,11>
<+>
<INT,1>
<;>
<}>
<if>
<(>
<ID,7>
<<=>
<ID,5>
<)>
<{>
<while>
<(>
<ID,11>
<<=>
<ID,8>
<&>
<ID,7>
<<=>
<ID,5>
<)>
<{>
<let>
<ID,14>
<[>
<ID,11>
<]>
<=>
<ID,3>
<[>
<ID,7>
<]>
<;>
<let>
<ID,11>
<=>
<ID,11>
<+>
<INT,1>
<;>
<let>
<ID,7>
<=>
<ID,7>
<+>
<INT,1>
<;>
<}>
<}>
<if>
<(>
<ID,22>
<<=>
<ID,20>
<)>
<{>
<while>
<(>
<ID,11>
<<=>
<ID,8>
<&>
<ID,22>
<<=>
<ID,20>
<)>
<{>
<let>
<ID,14>
<[>
<ID,11>
<]>
<=>
<ID,13>
<[>
<ID,22>
<]>
<;>
<let>
<ID,11>
<=>
<ID,11>
<+>
<INT,1>
<;>
<let>
<ID,22>
<=>
<ID,22>
<+>
<INT,1>
<;>
<}>
<}>
<return>
<ID,14>
<;>
<}>
<}>
