<public>
<function>
<void>
<ID,8>
<(>
<)>
<{>
<ID,14>
<ID,7>
<ID,13>
<;>
<let>
<ID,13>
<=>
<ID,7>
<.>
<ID,6>
<(>
<INT,2>
<)>
<;>
<var>
<int>
<ID,2>
<;>
<var>
<ID,3>
<ID,12>
<;>
<let>
<ID,12>
<=>
<STR,1>
<;>
<for>
<ID,2>
<=>
<ID,2>
<<>
<INT,3>
<;>
<ID,2>
<++>
<)>
<{>
<call>
<ID,13>
<.>
<ID,11>
<(>
<INT,1>
<)>
<;>
<}>
<ID,4>
<ID,13>
<.>
<ID,11>
<(>
<return>
<;>
<}>
<}>
<class>
<ID,7>
<{>
<ID,1>
<int>
<ID,9>
<;>
<ID,1>
<ID,3>
<ID,10>
<;>
<public>
<constructor>
<ID,7>
<ID,6>
<(>
<int>
<ID,5>
<)>
<{>
<let>
<this>
<.>
<ID,9>
<=>
<ID,5>
<;>
<let>
<this>
<.>
<ID,10>
<=>
