<class>
<ID,7>
<{>
<public>
<function>
<void>
<ID,21>
<(>
<)>
<{>
<var>
<ID,12>
<ID,14>
<;>
<let>
<ID,14>
<=>
<ID,12>
<.>
<ID,18>
<(>
<INT,3>
<)>
<;>
<var>
<int>
<ID,15>
<;>
<var>
<ID,4>
<ID,8>
<;>
<let>
<ID,8>
<=>
<STR,1>
<;>
<for>
<(>
<ID,15>
<=>
<INT,7>
<;>
<ID,15>
<<>
<INT,4>
<;>
<ID,15>
<++>
<)>
<{>
<call>
<ID,14>
<.>
<ID,13>
<(>
<INT,5>
<)>
<;>
<}>
<let>
<ID,15>
<=>
<ID,14>
<.>
<ID,5>
<(>
<)>
<;>
<if>
<(>
<ID,15>
<<>
<INT,1>
<)>
<{>
<STR,2>
<STR,3>
<STR,4>
<while>
<(>
<ID,15>
<<>
<INT,2>
<)>
<{>
<let>
<ID,15>
<=>
<ID,15>
<+>
<INT,8>
<;>
<}>
<}>
<elseif>
<(>
<ID,15>
<<>
<INT,2>
<)>
<{>
<let>
<ID,15>
<=>
<ID,15>
<*>
<ID,15>
<;>
<}>
<else>
<{>
<let>
<ID,15>
<=>
<ID,15>
<**>
<ID,15>
<;>
<}>
<let>
<ID,15>
<=>
<ID,12>
<.>
<ID,3>
<(>
<ID,15>
<,>
<INT,3>
<)>
<;>
<var>
<float>
<[>
<INT,6>
<]>
<ID,2>
<;>
<let>
<ID,2>
<=>
<{>
<FLOAT,1>
<,>
<FLOAT,3>
<,>
<,>
<FLOAT,2>
<}>
<;>
<let>
<ID,15>
<=>
<ID,2>
<[>
<INT,3>
<]>
<;>
<return>
<;>
<}>
<}>
<ID,9>
<ID,16>
<ID,11>
<ID,20>
<true>
<false>
<class>
<ID,12>
<{>
<ID,1>
<int>
<ID,6>
<;>
<public>
<constructor>
<ID,12>
<ID,18>
<(>
<int>
<ID,17>
<)>
<{>
<let>
<this>
<.>
<ID,6>
<=>
<ID,17>
<;>
<return>
<this>
<;>
<}>
<public>
<method>
<void>
<ID,13>
<(>
<int>
<ID,10>
<)>
<{>
<let>
<this>
<.>
<ID,6>
<=>
<this>
<.>
<ID,6>
<+>
<ID,10>
<;>
<return>
<;>
<}>
<public>
<method>
<int>
<ID,5>
<(>
<)>
<{>
<return>
<this>
<.>
<ID,6>
<;>
<}>
<public>
<function>
<int>
<ID,3>
<(>
<int>
<ID,15>
<,>
<int>
<ID,19>
<)>
<{>
<return>
<ID,15>
<+>
<ID,19>
<;>
<}>
<}>
